  [1m[36m (11.8ms)[0m  [1mCREATE TABLE "schema_migrations" ("version" varchar(255) NOT NULL) [0m
  [1m[35m (5.9ms)[0m  CREATE UNIQUE INDEX "unique_schema_migrations" ON "schema_migrations" ("version")
  [1m[36mActiveRecord::SchemaMigration Load (0.3ms)[0m  [1mSELECT "schema_migrations".* FROM "schema_migrations"[0m
Migrating to CreateUserTable (20140116054804)
  [1m[35m (0.2ms)[0m  begin transaction
  [1m[36m (0.8ms)[0m  [1mCREATE TABLE "user_tables" ("id" INTEGER PRIMARY KEY AUTOINCREMENT NOT NULL, "first_name" varchar(255), "last_name" varchar(255)) [0m
  [1m[35mSQL (0.2ms)[0m  INSERT INTO "schema_migrations" ("version") VALUES (?)  [["version", "20140116054804"]]
  [1m[36m (7.0ms)[0m  [1mcommit transaction[0m
  [1m[35mActiveRecord::SchemaMigration Load (0.2ms)[0m  SELECT "schema_migrations".* FROM "schema_migrations"
  [1m[36m (12.1ms)[0m  [1mDELETE FROM "user_tables";[0m
  [1m[35m (0.3ms)[0m  SELECT name FROM sqlite_master WHERE type='table' AND name='sqlite_sequence';
  [1m[36m (0.2ms)[0m  [1mDELETE FROM sqlite_sequence where name = 'user_tables';[0m
  [1m[36m (12.8ms)[0m  [1mDELETE FROM "user_tables";[0m
  [1m[35m (0.2ms)[0m  SELECT name FROM sqlite_master WHERE type='table' AND name='sqlite_sequence';
  [1m[36m (0.2ms)[0m  [1mDELETE FROM sqlite_sequence where name = 'user_tables';[0m
  [1m[36m (8.5ms)[0m  [1mDROP TABLE "user_tables"[0m
  [1m[35m (4.0ms)[0m  CREATE TABLE "user_tables" ("id" INTEGER PRIMARY KEY AUTOINCREMENT NOT NULL, "first_name" varchar(255), "last_name" varchar(255)) 
  [1m[36m (0.9ms)[0m  [1mSELECT version FROM "schema_migrations"[0m
  [1m[35mActiveRecord::SchemaMigration Load (0.2ms)[0m  SELECT "schema_migrations".* FROM "schema_migrations"
  [1m[36m (8.1ms)[0m  [1mDELETE FROM "user_tables";[0m
  [1m[35m (0.2ms)[0m  SELECT name FROM sqlite_master WHERE type='table' AND name='sqlite_sequence';
  [1m[36m (0.2ms)[0m  [1mDELETE FROM sqlite_sequence where name = 'user_tables';[0m
  [1m[36mActiveRecord::SchemaMigration Load (0.2ms)[0m  [1mSELECT "schema_migrations".* FROM "schema_migrations"[0m
  [1m[35mActiveRecord::SchemaMigration Load (0.1ms)[0m  SELECT "schema_migrations".* FROM "schema_migrations"
  [1m[36m (9.8ms)[0m  [1mDELETE FROM "user_tables";[0m
  [1m[35m (0.2ms)[0m  SELECT name FROM sqlite_master WHERE type='table' AND name='sqlite_sequence';
  [1m[36m (0.2ms)[0m  [1mDELETE FROM sqlite_sequence where name = 'user_tables';[0m
  [1m[36mActiveRecord::SchemaMigration Load (0.2ms)[0m  [1mSELECT "schema_migrations".* FROM "schema_migrations"[0m
  [1m[35mActiveRecord::SchemaMigration Load (0.1ms)[0m  SELECT "schema_migrations".* FROM "schema_migrations"
  [1m[36m (11.6ms)[0m  [1mDELETE FROM "user_tables";[0m
  [1m[35m (0.3ms)[0m  SELECT name FROM sqlite_master WHERE type='table' AND name='sqlite_sequence';
  [1m[36m (0.2ms)[0m  [1mDELETE FROM sqlite_sequence where name = 'user_tables';[0m
  [1m[36m (7.9ms)[0m  [1mDELETE FROM "user_tables";[0m
  [1m[35m (0.2ms)[0m  SELECT name FROM sqlite_master WHERE type='table' AND name='sqlite_sequence';
  [1m[36m (0.2ms)[0m  [1mDELETE FROM sqlite_sequence where name = 'user_tables';[0m
  [1m[36m (6.5ms)[0m  [1mDELETE FROM "user_tables";[0m
  [1m[35m (0.2ms)[0m  SELECT name FROM sqlite_master WHERE type='table' AND name='sqlite_sequence';
  [1m[36m (0.2ms)[0m  [1mDELETE FROM sqlite_sequence where name = 'user_tables';[0m
  [1m[36m (22.4ms)[0m  [1mDELETE FROM "users";[0m
  [1m[35m (0.3ms)[0m  SELECT name FROM sqlite_master WHERE type='table' AND name='sqlite_sequence';
  [1m[36m (0.2ms)[0m  [1mDELETE FROM sqlite_sequence where name = 'users';[0m
  [1m[36m (11.9ms)[0m  [1mDELETE FROM "users";[0m
  [1m[35m (0.3ms)[0m  SELECT name FROM sqlite_master WHERE type='table' AND name='sqlite_sequence';
  [1m[36m (0.2ms)[0m  [1mDELETE FROM sqlite_sequence where name = 'users';[0m
  [1m[36m (7.1ms)[0m  [1mDELETE FROM "users";[0m
  [1m[35m (0.2ms)[0m  SELECT name FROM sqlite_master WHERE type='table' AND name='sqlite_sequence';
  [1m[36m (0.1ms)[0m  [1mDELETE FROM sqlite_sequence where name = 'users';[0m
  [1m[36m (7.2ms)[0m  [1mDELETE FROM "users";[0m
  [1m[35m (0.2ms)[0m  SELECT name FROM sqlite_master WHERE type='table' AND name='sqlite_sequence';
  [1m[36m (0.1ms)[0m  [1mDELETE FROM sqlite_sequence where name = 'users';[0m
  [1m[36m (13.4ms)[0m  [1mDELETE FROM "users";[0m
  [1m[35m (0.3ms)[0m  SELECT name FROM sqlite_master WHERE type='table' AND name='sqlite_sequence';
  [1m[36m (0.2ms)[0m  [1mDELETE FROM sqlite_sequence where name = 'users';[0m
  [1m[36m (8.1ms)[0m  [1mDELETE FROM "users";[0m
  [1m[35m (0.3ms)[0m  SELECT name FROM sqlite_master WHERE type='table' AND name='sqlite_sequence';
  [1m[36m (0.2ms)[0m  [1mDELETE FROM sqlite_sequence where name = 'users';[0m
  [1m[36m (8.2ms)[0m  [1mDELETE FROM "users";[0m
  [1m[35m (0.2ms)[0m  SELECT name FROM sqlite_master WHERE type='table' AND name='sqlite_sequence';
  [1m[36m (0.2ms)[0m  [1mDELETE FROM sqlite_sequence where name = 'users';[0m
  [1m[36m (12.1ms)[0m  [1mDELETE FROM "users";[0m
  [1m[35m (0.2ms)[0m  SELECT name FROM sqlite_master WHERE type='table' AND name='sqlite_sequence';
  [1m[36m (0.2ms)[0m  [1mDELETE FROM sqlite_sequence where name = 'users';[0m
  [1m[36m (11.2ms)[0m  [1mDELETE FROM "users";[0m
  [1m[35m (0.3ms)[0m  SELECT name FROM sqlite_master WHERE type='table' AND name='sqlite_sequence';
  [1m[36m (0.2ms)[0m  [1mDELETE FROM sqlite_sequence where name = 'users';[0m
  [1m[36m (7.2ms)[0m  [1mDELETE FROM "users";[0m
  [1m[35m (0.2ms)[0m  SELECT name FROM sqlite_master WHERE type='table' AND name='sqlite_sequence';
  [1m[36m (0.1ms)[0m  [1mDELETE FROM sqlite_sequence where name = 'users';[0m
  [1m[36m (8.5ms)[0m  [1mDELETE FROM "users";[0m
  [1m[35m (0.2ms)[0m  SELECT name FROM sqlite_master WHERE type='table' AND name='sqlite_sequence';
  [1m[36m (0.1ms)[0m  [1mDELETE FROM sqlite_sequence where name = 'users';[0m
  [1m[36m (13.1ms)[0m  [1mDELETE FROM "users";[0m
  [1m[35m (0.2ms)[0m  SELECT name FROM sqlite_master WHERE type='table' AND name='sqlite_sequence';
  [1m[36m (0.1ms)[0m  [1mDELETE FROM sqlite_sequence where name = 'users';[0m
  [1m[36m (9.2ms)[0m  [1mDELETE FROM "users";[0m
  [1m[35m (0.2ms)[0m  SELECT name FROM sqlite_master WHERE type='table' AND name='sqlite_sequence';
  [1m[36m (0.1ms)[0m  [1mDELETE FROM sqlite_sequence where name = 'users';[0m
  [1m[36m (13.3ms)[0m  [1mDELETE FROM "users";[0m
  [1m[35m (0.2ms)[0m  SELECT name FROM sqlite_master WHERE type='table' AND name='sqlite_sequence';
  [1m[36m (0.3ms)[0m  [1mDELETE FROM sqlite_sequence where name = 'users';[0m
  [1m[36m (0.1ms)[0m  [1mbegin transaction[0m
  [1m[35mSQL (0.5ms)[0m  INSERT INTO "users" ("first_name", "last_name") VALUES (?, ?)  [["first_name", "foo"], ["last_name", "bar"]]
  [1m[36m (8.9ms)[0m  [1mcommit transaction[0m
  [1m[35m (5.1ms)[0m  DELETE FROM "users";
  [1m[36m (0.3ms)[0m  [1mSELECT name FROM sqlite_master WHERE type='table' AND name='sqlite_sequence';[0m
  [1m[35m (6.0ms)[0m  DELETE FROM sqlite_sequence where name = 'users';
  [1m[36m (19.7ms)[0m  [1mDELETE FROM "users";[0m
  [1m[35m (0.3ms)[0m  SELECT name FROM sqlite_master WHERE type='table' AND name='sqlite_sequence';
  [1m[36m (0.2ms)[0m  [1mDELETE FROM sqlite_sequence where name = 'users';[0m
  [1m[36m (12.4ms)[0m  [1mDELETE FROM "users";[0m
  [1m[35m (0.3ms)[0m  SELECT name FROM sqlite_master WHERE type='table' AND name='sqlite_sequence';
  [1m[36m (0.3ms)[0m  [1mDELETE FROM sqlite_sequence where name = 'users';[0m
  [1m[36m (8.5ms)[0m  [1mDELETE FROM "users";[0m
  [1m[35m (0.2ms)[0m  SELECT name FROM sqlite_master WHERE type='table' AND name='sqlite_sequence';
  [1m[36m (0.1ms)[0m  [1mDELETE FROM sqlite_sequence where name = 'users';[0m
  [1m[36m (9.5ms)[0m  [1mDELETE FROM "users";[0m
  [1m[35m (0.3ms)[0m  SELECT name FROM sqlite_master WHERE type='table' AND name='sqlite_sequence';
  [1m[36m (0.2ms)[0m  [1mDELETE FROM sqlite_sequence where name = 'users';[0m
  [1m[36m (7.5ms)[0m  [1mDELETE FROM "users";[0m
  [1m[35m (0.2ms)[0m  SELECT name FROM sqlite_master WHERE type='table' AND name='sqlite_sequence';
  [1m[36m (0.1ms)[0m  [1mDELETE FROM sqlite_sequence where name = 'users';[0m
  [1m[36m (12.1ms)[0m  [1mDELETE FROM "users";[0m
  [1m[35m (0.3ms)[0m  SELECT name FROM sqlite_master WHERE type='table' AND name='sqlite_sequence';
  [1m[36m (0.2ms)[0m  [1mDELETE FROM sqlite_sequence where name = 'users';[0m
  [1m[36m (8.4ms)[0m  [1mDELETE FROM "users";[0m
  [1m[35m (0.2ms)[0m  SELECT name FROM sqlite_master WHERE type='table' AND name='sqlite_sequence';
  [1m[36m (0.2ms)[0m  [1mDELETE FROM sqlite_sequence where name = 'users';[0m
  [1m[36m (0.1ms)[0m  [1mbegin transaction[0m
  [1m[35mSQL (0.4ms)[0m  INSERT INTO "users" ("first_name", "last_name") VALUES (?, ?)  [["first_name", "foo"], ["last_name", "bar"]]
  [1m[36m (9.8ms)[0m  [1mcommit transaction[0m
  [1m[35m (6.2ms)[0m  DELETE FROM "users";
  [1m[36m (0.3ms)[0m  [1mSELECT name FROM sqlite_master WHERE type='table' AND name='sqlite_sequence';[0m
  [1m[35m (4.8ms)[0m  DELETE FROM sqlite_sequence where name = 'users';
